2022/02/08 00:32:24 ephemeral certificate for instance youtube-playlist-332414:asia-northeast3:yb-db will expire soon, refreshing now.
2022/02/08 00:32:24 refreshing ephemeral certificate for instance youtube-playlist-332414:asia-northeast3:yb-db
2022/02/08 00:40:39 Scheduling refresh of ephemeral certificate in 55m4.7138382s
2022/02/08 01:35:44 ephemeral certificate for instance youtube-playlist-332414:asia-northeast3:yb-db will expire soon, refreshing now.
2022/02/08 01:35:44 refreshing ephemeral certificate for instance youtube-playlist-332414:asia-northeast3:yb-db
2022/02/08 01:35:58 Scheduling refresh of ephemeral certificate in 55m4.8447204s
2022/02/08 02:31:03 ephemeral certificate for instance youtube-playlist-332414:asia-northeast3:yb-db will expire soon, refreshing now.
2022/02/08 02:31:03 refreshing ephemeral certificate for instance youtube-playlist-332414:asia-northeast3:yb-db
2022/02/08 02:39:18 Scheduling refresh of ephemeral certificate in 55m4.62401s
2022/02/08 03:34:23 ephemeral certificate for instance youtube-playlist-332414:asia-northeast3:yb-db will expire soon, refreshing now.
2022/02/08 03:34:23 refreshing ephemeral certificate for instance youtube-playlist-332414:asia-northeast3:yb-db
2022/02/08 03:34:23 Scheduling refresh of ephemeral certificate in 55m5.2925636s
2022/02/08 04:29:29 ephemeral certificate for instance youtube-playlist-332414:asia-northeast3:yb-db will expire soon, refreshing now.
2022/02/08 04:29:29 refreshing ephemeral certificate for instance youtube-playlist-332414:asia-northeast3:yb-db
2022/02/08 04:29:43 Scheduling refresh of ephemeral certificate in 55m5.0547803s
2022/02/08 10:45:20 current FDs rlimit set to 1048576, wanted limit is 8500. Nothing to do here.
2022/02/08 10:45:21 Listening on 127.0.0.1:3306 for youtube-playlist-332414:asia-northeast3:yb-db
2022/02/08 10:45:21 Ready for new connections
2022/02/08 10:45:21 Generated RSA key in 29.9001ms
2022/02/08 10:45:33 New connection for "youtube-playlist-332414:asia-northeast3:yb-db"
2022/02/08 10:45:33 refreshing ephemeral certificate for instance youtube-playlist-332414:asia-northeast3:yb-db
2022/02/08 10:45:33 Scheduling refresh of ephemeral certificate in 55m1.4954587s
2022/02/08 11:40:35 ephemeral certificate for instance youtube-playlist-332414:asia-northeast3:yb-db will expire soon, refreshing now.
2022/02/08 11:40:35 refreshing ephemeral certificate for instance youtube-playlist-332414:asia-northeast3:yb-db
2022/02/08 11:40:48 Scheduling refresh of ephemeral certificate in 55m1.1878314s
2022/02/08 12:35:50 ephemeral certificate for instance youtube-playlist-332414:asia-northeast3:yb-db will expire soon, refreshing now.
2022/02/08 12:35:50 refreshing ephemeral certificate for instance youtube-playlist-332414:asia-northeast3:yb-db
2022/02/08 12:43:51 Scheduling refresh of ephemeral certificate in 55m1.1874814s
2022/02/08 13:38:53 ephemeral certificate for instance youtube-playlist-332414:asia-northeast3:yb-db will expire soon, refreshing now.
2022/02/08 13:38:53 refreshing ephemeral certificate for instance youtube-playlist-332414:asia-northeast3:yb-db
2022/02/08 13:38:53 Scheduling refresh of ephemeral certificate in 55m1.460285s
2022/02/08 14:33:55 ephemeral certificate for instance youtube-playlist-332414:asia-northeast3:yb-db will expire soon, refreshing now.
2022/02/08 14:33:55 refreshing ephemeral certificate for instance youtube-playlist-332414:asia-northeast3:yb-db
2022/02/08 14:34:09 Scheduling refresh of ephemeral certificate in 55m1.1418184s
2022/02/08 15:29:11 ephemeral certificate for instance youtube-playlist-332414:asia-northeast3:yb-db will expire soon, refreshing now.
2022/02/08 15:29:11 refreshing ephemeral certificate for instance youtube-playlist-332414:asia-northeast3:yb-db
2022/02/08 15:29:24 Scheduling refresh of ephemeral certificate in 55m1.1488828s
2022/02/08 16:24:26 ephemeral certificate for instance youtube-playlist-332414:asia-northeast3:yb-db will expire soon, refreshing now.
2022/02/08 16:24:26 refreshing ephemeral certificate for instance youtube-playlist-332414:asia-northeast3:yb-db
2022/02/08 16:32:27 Scheduling refresh of ephemeral certificate in 55m1.1126696s
2022/02/08 17:27:29 ephemeral certificate for instance youtube-playlist-332414:asia-northeast3:yb-db will expire soon, refreshing now.
2022/02/08 17:27:29 refreshing ephemeral certificate for instance youtube-playlist-332414:asia-northeast3:yb-db
2022/02/08 17:27:29 Scheduling refresh of ephemeral certificate in 55m1.3484439s
2022/02/08 18:22:31 ephemeral certificate for instance youtube-playlist-332414:asia-northeast3:yb-db will expire soon, refreshing now.
2022/02/08 18:22:31 refreshing ephemeral certificate for instance youtube-playlist-332414:asia-northeast3:yb-db
2022/02/08 18:30:32 Scheduling refresh of ephemeral certificate in 55m1.2029319s
2022/02/08 18:47:17 Instance youtube-playlist-332414:asia-northeast3:yb-db closed connection
2022/02/08 19:25:34 ephemeral certificate for instance youtube-playlist-332414:asia-northeast3:yb-db will expire soon, refreshing now.
2022/02/08 19:25:34 refreshing ephemeral certificate for instance youtube-playlist-332414:asia-northeast3:yb-db
2022/02/08 19:25:34 Scheduling refresh of ephemeral certificate in 55m1.3318386s
2022/02/08 20:20:36 ephemeral certificate for instance youtube-playlist-332414:asia-northeast3:yb-db will expire soon, refreshing now.
2022/02/08 20:20:36 refreshing ephemeral certificate for instance youtube-playlist-332414:asia-northeast3:yb-db
2022/02/08 20:28:51 Scheduling refresh of ephemeral certificate in 55m1.8033365s
2022/02/08 21:23:53 ephemeral certificate for instance youtube-playlist-332414:asia-northeast3:yb-db will expire soon, refreshing now.
2022/02/08 21:23:53 refreshing ephemeral certificate for instance youtube-playlist-332414:asia-northeast3:yb-db
2022/02/08 21:24:06 Scheduling refresh of ephemeral certificate in 55m2.0293631s
2022/02/08 22:19:09 ephemeral certificate for instance youtube-playlist-332414:asia-northeast3:yb-db will expire soon, refreshing now.
2022/02/08 22:19:09 refreshing ephemeral certificate for instance youtube-playlist-332414:asia-northeast3:yb-db
2022/02/08 22:27:24 Scheduling refresh of ephemeral certificate in 55m1.7767714s
2022/02/08 23:22:26 ephemeral certificate for instance youtube-playlist-332414:asia-northeast3:yb-db will expire soon, refreshing now.
2022/02/08 23:22:26 refreshing ephemeral certificate for instance youtube-playlist-332414:asia-northeast3:yb-db
2022/02/08 23:22:26 Scheduling refresh of ephemeral certificate in 55m1.1620687s
